┌──────────────────────────┬────────────────────────────────────────────────────────────────────────────────────────┐
│ PROCESS POOL             │                                                                                        │
├──────────────────────────┼──────────────┬────────────┬────────────┬─────────────┬──────────────┬──────────────────┤
│ #                        │ ARRIVAL TIME │ BURST TIME │ START TIME │ FINISH TIME │ WAITING TIME │ TURN AROUND TIME │
├──────────────────────────┼──────────────┼────────────┼────────────┼─────────────┼──────────────┼──────────────────┤
│ P0                       │            9 │          7 │          0 │           0 │            0 │                0 │
├──────────────────────────┼──────────────┼────────────┼────────────┼─────────────┼──────────────┼──────────────────┤
│ P1                       │            9 │          4 │          0 │           0 │            0 │                0 │
├──────────────────────────┼──────────────┼────────────┼────────────┼─────────────┼──────────────┼──────────────────┤
│ P2                       │            8 │          7 │          0 │           0 │            0 │                0 │
├──────────────────────────┼──────────────┼────────────┼────────────┼─────────────┼──────────────┼──────────────────┤
│ P3                       │            9 │          7 │          0 │           0 │            0 │                0 │
├──────────────────────────┼──────────────┼────────────┼────────────┼─────────────┼──────────────┼──────────────────┤
│ P4                       │            7 │          1 │          0 │           0 │            0 │                0 │
├──────────────────────────┼──────────────┼────────────┼────────────┼─────────────┼──────────────┼──────────────────┤
│ P5                       │            7 │          4 │          0 │           0 │            0 │                0 │
├──────────────────────────┼──────────────┼────────────┼────────────┼─────────────┼──────────────┼──────────────────┤
│ P6                       │            5 │          6 │          0 │           0 │            0 │                0 │
├──────────────────────────┼──────────────┼────────────┼────────────┼─────────────┼──────────────┼──────────────────┤
│ P7                       │            0 │          8 │          0 │           0 │            0 │                0 │
├──────────────────────────┼──────────────┼────────────┼────────────┼─────────────┼──────────────┼──────────────────┤
│ P8                       │            4 │          8 │          0 │           0 │            0 │                0 │
├──────────────────────────┼──────────────┼────────────┼────────────┼─────────────┼──────────────┼──────────────────┤
│ AVERAGE WAITING TIME     │              │            │            │             │              │                - │
├──────────────────────────┼──────────────┼────────────┼────────────┼─────────────┼──────────────┼──────────────────┤
│ AVERAGE TURN AROUND TIME │              │            │            │             │              │                - │
└──────────────────────────┴──────────────┴────────────┴────────────┴─────────────┴──────────────┴──────────────────┘
┌──────────────────────────┬────────────────────────────────────────────────────────────────────────────────────────┐
│ SJF ORDER                │                                                                                        │
├──────────────────────────┼──────────────┬────────────┬────────────┬─────────────┬──────────────┬──────────────────┤
│ #                        │ ARRIVAL TIME │ BURST TIME │ START TIME │ FINISH TIME │ WAITING TIME │ TURN AROUND TIME │
├──────────────────────────┼──────────────┼────────────┼────────────┼─────────────┼──────────────┼──────────────────┤
│ P7                       │            0 │          8 │          0 │           8 │            0 │                8 │
├──────────────────────────┼──────────────┼────────────┼────────────┼─────────────┼──────────────┼──────────────────┤
│ P4                       │            7 │          1 │          8 │           9 │            1 │                2 │
├──────────────────────────┼──────────────┼────────────┼────────────┼─────────────┼──────────────┼──────────────────┤
│ P5                       │            7 │          4 │          9 │          13 │            2 │                6 │
├──────────────────────────┼──────────────┼────────────┼────────────┼─────────────┼──────────────┼──────────────────┤
│ P1                       │            9 │          4 │         13 │          17 │            4 │                8 │
├──────────────────────────┼──────────────┼────────────┼────────────┼─────────────┼──────────────┼──────────────────┤
│ P6                       │            5 │          6 │         17 │          23 │           12 │               18 │
├──────────────────────────┼──────────────┼────────────┼────────────┼─────────────┼──────────────┼──────────────────┤
│ P2                       │            8 │          7 │         23 │          30 │           15 │               22 │
├──────────────────────────┼──────────────┼────────────┼────────────┼─────────────┼──────────────┼──────────────────┤
│ P0                       │            9 │          7 │         30 │          37 │           21 │               28 │
├──────────────────────────┼──────────────┼────────────┼────────────┼─────────────┼──────────────┼──────────────────┤
│ P3                       │            9 │          7 │         37 │          44 │           28 │               35 │
├──────────────────────────┼──────────────┼────────────┼────────────┼─────────────┼──────────────┼──────────────────┤
│ P8                       │            4 │          8 │         44 │          52 │           40 │               48 │
├──────────────────────────┼──────────────┼────────────┼────────────┼─────────────┼──────────────┼──────────────────┤
│ AVERAGE WAITING TIME     │              │            │            │             │              │               13 │
├──────────────────────────┼──────────────┼────────────┼────────────┼─────────────┼──────────────┼──────────────────┤
│ AVERAGE TURN AROUND TIME │              │            │            │             │              │               19 │
└──────────────────────────┴──────────────┴────────────┴────────────┴─────────────┴──────────────┴──────────────────┘
┌──────────────────────────┬────────────────────────────────────────────────────────────────────────────────────────┐
│ SRTF ORDER               │                                                                                        │
├──────────────────────────┼──────────────┬────────────┬────────────┬─────────────┬──────────────┬──────────────────┤
│ #                        │ ARRIVAL TIME │ BURST TIME │ START TIME │ FINISH TIME │ WAITING TIME │ TURN AROUND TIME │
├──────────────────────────┼──────────────┼────────────┼────────────┼─────────────┼──────────────┼──────────────────┤
│ P4                       │            7 │          1 │          7 │           8 │            0 │                1 │
├──────────────────────────┼──────────────┼────────────┼────────────┼─────────────┼──────────────┼──────────────────┤
│ P5                       │            7 │          4 │          8 │          12 │            1 │                5 │
├──────────────────────────┼──────────────┼────────────┼────────────┼─────────────┼──────────────┼──────────────────┤
│ P1                       │            9 │          4 │         12 │          16 │            3 │                7 │
├──────────────────────────┼──────────────┼────────────┼────────────┼─────────────┼──────────────┼──────────────────┤
│ P6                       │            5 │          6 │         16 │          22 │           11 │               17 │
├──────────────────────────┼──────────────┼────────────┼────────────┼─────────────┼──────────────┼──────────────────┤
│ P2                       │            8 │          7 │         22 │          29 │           14 │               21 │
├──────────────────────────┼──────────────┼────────────┼────────────┼─────────────┼──────────────┼──────────────────┤
│ P0                       │            9 │          7 │         29 │          36 │           20 │               27 │
├──────────────────────────┼──────────────┼────────────┼────────────┼─────────────┼──────────────┼──────────────────┤
│ P3                       │            9 │          7 │         36 │          43 │           27 │               34 │
├──────────────────────────┼──────────────┼────────────┼────────────┼─────────────┼──────────────┼──────────────────┤
│ P7                       │            0 │          8 │         43 │          51 │           43 │               51 │
├──────────────────────────┼──────────────┼────────────┼────────────┼─────────────┼──────────────┼──────────────────┤
│ P8                       │            4 │          8 │         51 │          59 │           47 │               55 │
├──────────────────────────┼──────────────┼────────────┼────────────┼─────────────┼──────────────┼──────────────────┤
│ AVERAGE WAITING TIME     │              │            │            │             │              │               18 │
├──────────────────────────┼──────────────┼────────────┼────────────┼─────────────┼──────────────┼──────────────────┤
│ AVERAGE TURN AROUND TIME │              │            │            │             │              │               24 │
└──────────────────────────┴──────────────┴────────────┴────────────┴─────────────┴──────────────┴──────────────────┘
